sample.interval=20000
"aperm.default" "aperm" "apply" "scale.default" "scale" "FUN" "lapply" "sapply" "replicate" 
"FUN" "apply" "scale.default" "scale" "FUN" "lapply" "sapply" "replicate" 
"sweep" "scale.default" "scale" "FUN" "lapply" "sapply" "replicate" 
"aperm.default" "aperm" "apply" "scale.default" "scale" "FUN" "lapply" "sapply" "replicate" 
"is.na" "FUN" "apply" "scale.default" "scale" "FUN" "lapply" "sapply" "replicate" 
"is.na" "FUN" "apply" "scale.default" "scale" "FUN" "lapply" "sapply" "replicate" 
"apply" "scale.default" "scale" "FUN" "lapply" "sapply" "replicate" 
"aperm.default" "aperm" "sweep" "scale.default" "scale" "FUN" "lapply" "sapply" "replicate" 
"aperm.default" "aperm" "apply" "scale.default" "scale" "FUN" "lapply" "sapply" "replicate" 
"aperm.default" "aperm" "apply" "scale.default" "scale" "FUN" "lapply" "sapply" "replicate" 
"sum" "FUN" "apply" "scale.default" "scale" "FUN" "lapply" "sapply" "replicate" 
"sweep" "scale.default" "scale" "FUN" "lapply" "sapply" "replicate" 
"aperm.default" "aperm" "sweep" "scale.default" "scale" "FUN" "lapply" "sapply" "replicate" 
"aperm.default" "aperm" "apply" "scale.default" "scale" "FUN" "lapply" "sapply" "replicate" 
"aperm.default" "aperm" "apply" "scale.default" "scale" "FUN" "lapply" "sapply" "replicate" 
"apply" "scale.default" "scale" "FUN" "lapply" "sapply" "replicate" 
"apply" "scale.default" "scale" "FUN" "lapply" "sapply" "replicate" 
"apply" "scale.default" "scale" "FUN" "lapply" "sapply" "replicate" 
"colMeans" "scale.default" "scale" "FUN" "lapply" "sapply" "replicate" 
"apply" "scale.default" "scale" "FUN" "lapply" "sapply" "replicate" 
"FUN" "apply" "scale.default" "scale" "FUN" "lapply" "sapply" "replicate" 
"FUN" "apply" "scale.default" "scale" "FUN" "lapply" "sapply" "replicate" 
"aperm.default" "aperm" "sweep" "scale.default" "scale" "FUN" "lapply" "sapply" "replicate" 
"array" "aperm" "sweep" "scale.default" "scale" "FUN" "lapply" "sapply" "replicate" 
"aperm.default" "aperm" "sweep" "scale.default" "scale" "FUN" "lapply" "sapply" "replicate" 
"apply" "scale.default" "scale" "FUN" "lapply" "sapply" "replicate" 
"apply" "scale.default" "scale" "FUN" "lapply" "sapply" "replicate" 
"sweep" "scale.default" "scale" "FUN" "lapply" "sapply" "replicate" 
"apply" "scale.default" "scale" "FUN" "lapply" "sapply" "replicate" 
"sweep" "scale.default" "scale" "FUN" "lapply" "sapply" "replicate" 
"FUN" "apply" "scale.default" "scale" "FUN" "lapply" "sapply" "replicate" 
"aperm.default" "aperm" "sweep" "scale.default" "scale" "FUN" "lapply" "sapply" "replicate" 
"FUN" "apply" "scale.default" "scale" "FUN" "lapply" "sapply" "replicate" 
"FUN" "apply" "scale.default" "scale" "FUN" "lapply" "sapply" "replicate" 
"aperm.default" "aperm" "sweep" "scale.default" "scale" "FUN" "lapply" "sapply" "replicate" 
"aperm.default" "aperm" "apply" "scale.default" "scale" "FUN" "lapply" "sapply" "replicate" 
"aperm.default" "aperm" "sweep" "scale.default" "scale" "FUN" "lapply" "sapply" "replicate" 
"aperm.default" "aperm" "apply" "scale.default" "scale" "FUN" "lapply" "sapply" "replicate" 
"sweep" "scale.default" "scale" "FUN" "lapply" "sapply" "replicate" 
"apply" "scale.default" "scale" "FUN" "lapply" "sapply" "replicate" 
"FUN" "apply" "scale.default" "scale" "FUN" "lapply" "sapply" "replicate" 
"FUN" "apply" "scale.default" "scale" "FUN" "lapply" "sapply" "replicate" 
"aperm.default" "aperm" "sweep" "scale.default" "scale" "FUN" "lapply" "sapply" "replicate" 
"FUN" "apply" "scale.default" "scale" "FUN" "lapply" "sapply" "replicate" 
"aperm.default" "aperm" "sweep" "scale.default" "scale" "FUN" "lapply" "sapply" "replicate" 
"aperm.default" "aperm" "sweep" "scale.default" "scale" "FUN" "lapply" "sapply" "replicate" 
"FUN" "apply" "scale.default" "scale" "FUN" "lapply" "sapply" "replicate" 
"sweep" "scale.default" "scale" "FUN" "lapply" "sapply" "replicate" 
"apply" "scale.default" "scale" "FUN" "lapply" "sapply" "replicate" 
"colMeans" "scale.default" "scale" "FUN" "lapply" "sapply" "replicate" 
"FUN" "apply" "scale.default" "scale" "FUN" "lapply" "sapply" "replicate" 
"array" "aperm" "sweep" "scale.default" "scale" "FUN" "lapply" "sapply" "replicate" 
"array" "aperm" "sweep" "scale.default" "scale" "FUN" "lapply" "sapply" "replicate" 
"aperm.default" "aperm" "apply" "scale.default" "scale" "FUN" "lapply" "sapply" "replicate" 
"sweep" "scale.default" "scale" "FUN" "lapply" "sapply" "replicate" 
"aperm.default" "aperm" "apply" "scale.default" "scale" "FUN" "lapply" "sapply" "replicate" 
"aperm.default" "aperm" "sweep" "scale.default" "scale" "FUN" "lapply" "sapply" "replicate" 
"FUN" "apply" "scale.default" "scale" "FUN" "lapply" "sapply" "replicate" 
"sweep" "scale.default" "scale" "FUN" "lapply" "sapply" "replicate" 
"aperm.default" "aperm" "sweep" "scale.default" "scale" "FUN" "lapply" "sapply" "replicate" 
"FUN" "apply" "scale.default" "scale" "FUN" "lapply" "sapply" "replicate" 
"sweep" "scale.default" "scale" "FUN" "lapply" "sapply" "replicate" 
"FUN" "apply" "scale.default" "scale" "FUN" "lapply" "sapply" "replicate" 
"aperm.default" "aperm" "sweep" "scale.default" "scale" "FUN" "lapply" "sapply" "replicate" 
"FUN" "apply" "scale.default" "scale" "FUN" "lapply" "sapply" "replicate" 
"aperm.default" "aperm" "sweep" "scale.default" "scale" "FUN" "lapply" "sapply" "replicate" 
"aperm.default" "aperm" "sweep" "scale.default" "scale" "FUN" "lapply" "sapply" "replicate" 
"aperm.default" "aperm" "sweep" "scale.default" "scale" "FUN" "lapply" "sapply" "replicate" 
"apply" "scale.default" "scale" "FUN" "lapply" "sapply" "replicate" 
"apply" "scale.default" "scale" "FUN" "lapply" "sapply" "replicate" 
"is.na" "FUN" "apply" "scale.default" "scale" "FUN" "lapply" "sapply" "replicate" 
"sweep" "scale.default" "scale" "FUN" "lapply" "sapply" "replicate" 
"FUN" "apply" "scale.default" "scale" "FUN" "lapply" "sapply" "replicate" 
"colMeans" "scale.default" "scale" "FUN" "lapply" "sapply" "replicate" 
"aperm.default" "aperm" "sweep" "scale.default" "scale" "FUN" "lapply" "sapply" "replicate" 
"FUN" "apply" "scale.default" "scale" "FUN" "lapply" "sapply" "replicate" 
"array" "aperm" "sweep" "scale.default" "scale" "FUN" "lapply" "sapply" "replicate" 
"aperm.default" "aperm" "sweep" "scale.default" "scale" "FUN" "lapply" "sapply" "replicate" 
"aperm.default" "aperm" "apply" "scale.default" "scale" "FUN" "lapply" "sapply" "replicate" 
"apply" "scale.default" "scale" "FUN" "lapply" "sapply" "replicate" 
"apply" "scale.default" "scale" "FUN" "lapply" "sapply" "replicate" 
"aperm.default" "aperm" "sweep" "scale.default" "scale" "FUN" "lapply" "sapply" "replicate" 
"apply" "scale.default" "scale" "FUN" "lapply" "sapply" "replicate" 
"aperm.default" "aperm" "sweep" "scale.default" "scale" "FUN" "lapply" "sapply" "replicate" 
"colMeans" "scale.default" "scale" "FUN" "lapply" "sapply" "replicate" 
"aperm.default" "aperm" "sweep" "scale.default" "scale" "FUN" "lapply" "sapply" "replicate" 
"FUN" "apply" "scale.default" "scale" "FUN" "lapply" "sapply" "replicate" 
"aperm.default" "aperm" "sweep" "scale.default" "scale" "FUN" "lapply" "sapply" "replicate" 
"apply" "scale.default" "scale" "FUN" "lapply" "sapply" "replicate" 
"sweep" "scale.default" "scale" "FUN" "lapply" "sapply" "replicate" 
"apply" "scale.default" "scale" "FUN" "lapply" "sapply" "replicate" 
"aperm.default" "aperm" "sweep" "scale.default" "scale" "FUN" "lapply" "sapply" "replicate" 
"FUN" "apply" "scale.default" "scale" "FUN" "lapply" "sapply" "replicate" 
"aperm.default" "aperm" "sweep" "scale.default" "scale" "FUN" "lapply" "sapply" "replicate" 
"FUN" "apply" "scale.default" "scale" "FUN" "lapply" "sapply" "replicate" 
"colMeans" "scale.default" "scale" "FUN" "lapply" "sapply" "replicate" 
"FUN" "apply" "scale.default" "scale" "FUN" "lapply" "sapply" "replicate" 
"aperm.default" "aperm" "sweep" "scale.default" "scale" "FUN" "lapply" "sapply" "replicate" 
"aperm.default" "aperm" "sweep" "scale.default" "scale" "FUN" "lapply" "sapply" "replicate" 
"aperm.default" "aperm" "apply" "scale.default" "scale" "FUN" "lapply" "sapply" "replicate" 
"sweep" "scale.default" "scale" "FUN" "lapply" "sapply" "replicate" 
"aperm.default" "aperm" "apply" "scale.default" "scale" "FUN" "lapply" "sapply" "replicate" 
"aperm.default" "aperm" "sweep" "scale.default" "scale" "FUN" "lapply" "sapply" "replicate" 
"aperm.default" "aperm" "apply" "scale.default" "scale" "FUN" "lapply" "sapply" "replicate" 
"FUN" "apply" "scale.default" "scale" "FUN" "lapply" "sapply" "replicate" 
"FUN" "apply" "scale.default" "scale" "FUN" "lapply" "sapply" "replicate" 
"sweep" "scale.default" "scale" "FUN" "lapply" "sapply" "replicate" 
"apply" "scale.default" "scale" "FUN" "lapply" "sapply" "replicate" 
"array" "aperm" "sweep" "scale.default" "scale" "FUN" "lapply" "sapply" "replicate" 
"array" "aperm" "sweep" "scale.default" "scale" "FUN" "lapply" "sapply" "replicate" 
"aperm.default" "aperm" "apply" "scale.default" "scale" "FUN" "lapply" "sapply" "replicate" 
"array" "aperm" "sweep" "scale.default" "scale" "FUN" "lapply" "sapply" "replicate" 
"sweep" "scale.default" "scale" "FUN" "lapply" "sapply" "replicate" 
"aperm.default" "aperm" "sweep" "scale.default" "scale" "FUN" "lapply" "sapply" "replicate" 
"sum" "FUN" "apply" "scale.default" "scale" "FUN" "lapply" "sapply" "replicate" 
"aperm.default" "aperm" "sweep" "scale.default" "scale" "FUN" "lapply" "sapply" "replicate" 
"aperm.default" "aperm" "sweep" "scale.default" "scale" "FUN" "lapply" "sapply" "replicate" 
"FUN" "apply" "scale.default" "scale" "FUN" "lapply" "sapply" "replicate" 
"aperm.default" "aperm" "sweep" "scale.default" "scale" "FUN" "lapply" "sapply" "replicate" 
"aperm.default" "aperm" "sweep" "scale.default" "scale" "FUN" "lapply" "sapply" "replicate" 
"aperm.default" "aperm" "apply" "scale.default" "scale" "FUN" "lapply" "sapply" "replicate" 
"aperm.default" "aperm" "sweep" "scale.default" "scale" "FUN" "lapply" "sapply" "replicate" 
"apply" "scale.default" "scale" "FUN" "lapply" "sapply" "replicate" 
"array" "aperm" "sweep" "scale.default" "scale" "FUN" "lapply" "sapply" "replicate" 
"aperm.default" "aperm" "sweep" "scale.default" "scale" "FUN" "lapply" "sapply" "replicate" 
"aperm.default" "aperm" "sweep" "scale.default" "scale" "FUN" "lapply" "sapply" "replicate" 
"aperm.default" "aperm" "sweep" "scale.default" "scale" "FUN" "lapply" "sapply" "replicate" 
"aperm.default" "aperm" "apply" "scale.default" "scale" "FUN" "lapply" "sapply" "replicate" 
"array" "aperm" "sweep" "scale.default" "scale" "FUN" "lapply" "sapply" "replicate" 
"array" "aperm" "sweep" "scale.default" "scale" "FUN" "lapply" "sapply" "replicate" 
"aperm.default" "aperm" "apply" "scale.default" "scale" "FUN" "lapply" "sapply" "replicate" 
"FUN" "apply" "scale.default" "scale" "FUN" "lapply" "sapply" "replicate" 
"aperm.default" "aperm" "sweep" "scale.default" "scale" "FUN" "lapply" "sapply" "replicate" 
"aperm.default" "aperm" "sweep" "scale.default" "scale" "FUN" "lapply" "sapply" "replicate" 
"aperm.default" "aperm" "apply" "scale.default" "scale" "FUN" "lapply" "sapply" "replicate" 
"sweep" "scale.default" "scale" "FUN" "lapply" "sapply" "replicate" 
"FUN" "apply" "scale.default" "scale" "FUN" "lapply" "sapply" "replicate" 
"aperm.default" "aperm" "sweep" "scale.default" "scale" "FUN" "lapply" "sapply" "replicate" 
"FUN" "apply" "scale.default" "scale" "FUN" "lapply" "sapply" "replicate" 
"colMeans" "scale.default" "scale" "FUN" "lapply" "sapply" "replicate" 
"FUN" "apply" "scale.default" "scale" "FUN" "lapply" "sapply" "replicate" 
"FUN" "apply" "scale.default" "scale" "FUN" "lapply" "sapply" "replicate" 
"array" "aperm" "sweep" "scale.default" "scale" "FUN" "lapply" "sapply" "replicate" 
"sweep" "scale.default" "scale" "FUN" "lapply" "sapply" "replicate" 
"aperm.default" "aperm" "sweep" "scale.default" "scale" "FUN" "lapply" "sapply" "replicate" 
"aperm.default" "aperm" "apply" "scale.default" "scale" "FUN" "lapply" "sapply" "replicate" 
"FUN" "apply" "scale.default" "scale" "FUN" "lapply" "sapply" "replicate" 
"aperm.default" "aperm" "sweep" "scale.default" "scale" "FUN" "lapply" "sapply" "replicate" 
"aperm.default" "aperm" "sweep" "scale.default" "scale" "FUN" "lapply" "sapply" "replicate" 
"sum" "FUN" "apply" "scale.default" "scale" "FUN" "lapply" "sapply" "replicate" 
"sweep" "scale.default" "scale" "FUN" "lapply" "sapply" "replicate" 
"apply" "scale.default" "scale" "FUN" "lapply" "sapply" "replicate" 
"array" "aperm" "sweep" "scale.default" "scale" "FUN" "lapply" "sapply" "replicate" 
"apply" "scale.default" "scale" "FUN" "lapply" "sapply" "replicate" 
"aperm.default" "aperm" "sweep" "scale.default" "scale" "FUN" "lapply" "sapply" "replicate" 
"sum" "FUN" "apply" "scale.default" "scale" "FUN" "lapply" "sapply" "replicate" 
"aperm.default" "aperm" "sweep" "scale.default" "scale" "FUN" "lapply" "sapply" "replicate" 
"FUN" "apply" "scale.default" "scale" "FUN" "lapply" "sapply" "replicate" 
"colMeans" "scale.default" "scale" "FUN" "lapply" "sapply" "replicate" 
"FUN" "apply" "scale.default" "scale" "FUN" "lapply" "sapply" "replicate" 
"aperm.default" "aperm" "sweep" "scale.default" "scale" "FUN" "lapply" "sapply" "replicate" 
"aperm.default" "aperm" "sweep" "scale.default" "scale" "FUN" "lapply" "sapply" "replicate" 
"aperm.default" "aperm" "apply" "scale.default" "scale" "FUN" "lapply" "sapply" "replicate" 
"aperm.default" "aperm" "sweep" "scale.default" "scale" "FUN" "lapply" "sapply" "replicate" 
"apply" "scale.default" "scale" "FUN" "lapply" "sapply" "replicate" 
"eval" "match.arg" "order" "aperm.default" "aperm" "sweep" "scale.default" "scale" "FUN" "lapply" "sapply" "replicate" 
"apply" "scale.default" "scale" "FUN" "lapply" "sapply" "replicate" 
"aperm.default" "aperm" "sweep" "scale.default" "scale" "FUN" "lapply" "sapply" "replicate" 
"apply" "scale.default" "scale" "FUN" "lapply" "sapply" "replicate" 
"sweep" "scale.default" "scale" "FUN" "lapply" "sapply" "replicate" 
"apply" "scale.default" "scale" "FUN" "lapply" "sapply" "replicate" 
"aperm.default" "aperm" "sweep" "scale.default" "scale" "FUN" "lapply" "sapply" "replicate" 
"aperm.default" "aperm" "sweep" "scale.default" "scale" "FUN" "lapply" "sapply" "replicate" 
"aperm.default" "aperm" "apply" "scale.default" "scale" "FUN" "lapply" "sapply" "replicate" 
"aperm.default" "aperm" "sweep" "scale.default" "scale" "FUN" "lapply" "sapply" "replicate" 
"FUN" "apply" "scale.default" "scale" "FUN" "lapply" "sapply" "replicate" 
"array" "aperm" "sweep" "scale.default" "scale" "FUN" "lapply" "sapply" "replicate" 
"FUN" "apply" "scale.default" "scale" "FUN" "lapply" "sapply" "replicate" 
"FUN" "apply" "scale.default" "scale" "FUN" "lapply" "sapply" "replicate" 
"array" "aperm" "sweep" "scale.default" "scale" "FUN" "lapply" "sapply" "replicate" 
"sweep" "scale.default" "scale" "FUN" "lapply" "sapply" "replicate" 
"aperm.default" "aperm" "sweep" "scale.default" "scale" "FUN" "lapply" "sapply" "replicate" 
"array" "aperm" "sweep" "scale.default" "scale" "FUN" "lapply" "sapply" "replicate" 
"aperm.default" "aperm" "sweep" "scale.default" "scale" "FUN" "lapply" "sapply" "replicate" 
"sweep" "scale.default" "scale" "FUN" "lapply" "sapply" "replicate" 
"aperm.default" "aperm" "apply" "scale.default" "scale" "FUN" "lapply" "sapply" "replicate" 
"array" "aperm" "sweep" "scale.default" "scale" "FUN" "lapply" "sapply" "replicate" 
"array" "aperm" "sweep" "scale.default" "scale" "FUN" "lapply" "sapply" "replicate" 
"aperm.default" "aperm" "sweep" "scale.default" "scale" "FUN" "lapply" "sapply" "replicate" 
"array" "aperm" "sweep" "scale.default" "scale" "FUN" "lapply" "sapply" "replicate" 
"aperm.default" "aperm" "sweep" "scale.default" "scale" "FUN" "lapply" "sapply" "replicate" 
"aperm.default" "aperm" "sweep" "scale.default" "scale" "FUN" "lapply" "sapply" "replicate" 
"aperm.default" "aperm" "apply" "scale.default" "scale" "FUN" "lapply" "sapply" "replicate" 
"array" "aperm" "sweep" "scale.default" "scale" "FUN" "lapply" "sapply" "replicate" 
"aperm.default" "aperm" "sweep" "scale.default" "scale" "FUN" "lapply" "sapply" "replicate" 
"aperm.default" "aperm" "sweep" "scale.default" "scale" "FUN" "lapply" "sapply" "replicate" 
"apply" "scale.default" "scale" "FUN" "lapply" "sapply" "replicate" 
"sweep" "scale.default" "scale" "FUN" "lapply" "sapply" "replicate" 
"sweep" "scale.default" "scale" "FUN" "lapply" "sapply" "replicate" 
"apply" "scale.default" "scale" "FUN" "lapply" "sapply" "replicate" 
"aperm.default" "aperm" "sweep" "scale.default" "scale" "FUN" "lapply" "sapply" "replicate" 
"FUN" "apply" "scale.default" "scale" "FUN" "lapply" "sapply" "replicate" 
"sweep" "scale.default" "scale" "FUN" "lapply" "sapply" "replicate" 
"apply" "scale.default" "scale" "FUN" "lapply" "sapply" "replicate" 
"aperm.default" "aperm" "sweep" "scale.default" "scale" "FUN" "lapply" "sapply" "replicate" 
"aperm.default" "aperm" "sweep" "scale.default" "scale" "FUN" "lapply" "sapply" "replicate" 
"aperm.default" "aperm" "apply" "scale.default" "scale" "FUN" "lapply" "sapply" "replicate" 
"sweep" "scale.default" "scale" "FUN" "lapply" "sapply" "replicate" 
"apply" "scale.default" "scale" "FUN" "lapply" "sapply" "replicate" 
"sweep" "scale.default" "scale" "FUN" "lapply" "sapply" "replicate" 
"FUN" "apply" "scale.default" "scale" "FUN" "lapply" "sapply" "replicate" 
"aperm.default" "aperm" "sweep" "scale.default" "scale" "FUN" "lapply" "sapply" "replicate" 
"FUN" "apply" "scale.default" "scale" "FUN" "lapply" "sapply" "replicate" 
"aperm.default" "aperm" "sweep" "scale.default" "scale" "FUN" "lapply" "sapply" "replicate" 
"aperm.default" "aperm" "sweep" "scale.default" "scale" "FUN" "lapply" "sapply" "replicate" 
"aperm.default" "aperm" "apply" "scale.default" "scale" "FUN" "lapply" "sapply" "replicate" 
"FUN" "apply" "scale.default" "scale" "FUN" "lapply" "sapply" "replicate" 
"aperm.default" "aperm" "sweep" "scale.default" "scale" "FUN" "lapply" "sapply" "replicate" 
"aperm.default" "aperm" "sweep" "scale.default" "scale" "FUN" "lapply" "sapply" "replicate" 
"aperm.default" "aperm" "apply" "scale.default" "scale" "FUN" "lapply" "sapply" "replicate" 
"FUN" "apply" "scale.default" "scale" "FUN" "lapply" "sapply" "replicate" 
"FUN" "apply" "scale.default" "scale" "FUN" "lapply" "sapply" "replicate" 
"sweep" "scale.default" "scale" "FUN" "lapply" "sapply" "replicate" 
"apply" "scale.default" "scale" "FUN" "lapply" "sapply" "replicate" 
"aperm.default" "aperm" "sweep" "scale.default" "scale" "FUN" "lapply" "sapply" "replicate" 
"aperm.default" "aperm" "sweep" "scale.default" "scale" "FUN" "lapply" "sapply" "replicate" 
"aperm.default" "aperm" "apply" "scale.default" "scale" "FUN" "lapply" "sapply" "replicate" 
"array" "aperm" "sweep" "scale.default" "scale" "FUN" "lapply" "sapply" "replicate" 
"aperm.default" "aperm" "sweep" "scale.default" "scale" "FUN" "lapply" "sapply" "replicate" 
"array" "aperm" "sweep" "scale.default" "scale" "FUN" "lapply" "sapply" "replicate" 
"aperm.default" "aperm" "apply" "scale.default" "scale" "FUN" "lapply" "sapply" "replicate" 
"FUN" "apply" "scale.default" "scale" "FUN" "lapply" "sapply" "replicate" 
"aperm.default" "aperm" "sweep" "scale.default" "scale" "FUN" "lapply" "sapply" "replicate" 
"array" "aperm" "sweep" "scale.default" "scale" "FUN" "lapply" "sapply" "replicate" 
"aperm.default" "aperm" "sweep" "scale.default" "scale" "FUN" "lapply" "sapply" "replicate" 
"aperm.default" "aperm" "apply" "scale.default" "scale" "FUN" "lapply" "sapply" "replicate" 
"array" "aperm" "sweep" "scale.default" "scale" "FUN" "lapply" "sapply" "replicate" 
"sweep" "scale.default" "scale" "FUN" "lapply" "sapply" "replicate" 
"aperm.default" "aperm" "sweep" "scale.default" "scale" "FUN" "lapply" "sapply" "replicate" 
"sum" "FUN" "apply" "scale.default" "scale" "FUN" "lapply" "sapply" "replicate" 
"sweep" "scale.default" "scale" "FUN" "lapply" "sapply" "replicate" 
"apply" "scale.default" "scale" "FUN" "lapply" "sapply" "replicate" 
"aperm.default" "aperm" "sweep" "scale.default" "scale" "FUN" "lapply" "sapply" "replicate" 
"aperm.default" "aperm" "sweep" "scale.default" "scale" "FUN" "lapply" "sapply" "replicate" 
"unlist" "simplify2array" "sapply" "replicate" 
"unlist" "simplify2array" "sapply" "replicate" 
"unlist" "simplify2array" "sapply" "replicate" 
"unlist" "simplify2array" "sapply" "replicate" 
"unlist" "simplify2array" "sapply" "replicate" 
"unlist" "simplify2array" "sapply" "replicate" 
"unlist" "simplify2array" "sapply" "replicate" 
"unlist" "simplify2array" "sapply" "replicate" 
"unlist" "simplify2array" "sapply" "replicate" 
"unlist" "simplify2array" "sapply" "replicate" 
"unlist" "simplify2array" "sapply" "replicate" 
"unlist" "simplify2array" "sapply" "replicate" 
"unlist" "simplify2array" "sapply" "replicate" 
"unlist" "simplify2array" "sapply" "replicate" 
"unlist" "simplify2array" "sapply" "replicate" 
"unlist" "simplify2array" "sapply" "replicate" 
"unlist" "simplify2array" "sapply" "replicate" 
"unlist" "simplify2array" "sapply" "replicate" 
"unlist" "simplify2array" "sapply" "replicate" 
"unlist" "simplify2array" "sapply" "replicate" 
"unlist" "simplify2array" "sapply" "replicate" 
"unlist" "simplify2array" "sapply" "replicate" 
"unlist" "simplify2array" "sapply" "replicate" 
"unlist" "simplify2array" "sapply" "replicate" 
"unlist" "simplify2array" "sapply" "replicate" 
"unlist" "simplify2array" "sapply" "replicate" 
"unlist" "simplify2array" "sapply" "replicate" 
"unlist" "simplify2array" "sapply" "replicate" 
"unlist" "simplify2array" "sapply" "replicate" 
"unlist" "simplify2array" "sapply" "replicate" 
"unlist" "simplify2array" "sapply" "replicate" 
"unlist" "simplify2array" "sapply" "replicate" 
"unlist" "simplify2array" "sapply" "replicate" 
"unlist" "simplify2array" "sapply" "replicate" 
"unlist" "simplify2array" "sapply" "replicate" 
"unlist" "simplify2array" "sapply" "replicate" 
"unlist" "simplify2array" "sapply" "replicate" 
"unlist" "simplify2array" "sapply" "replicate" 
"unlist" "simplify2array" "sapply" "replicate" 
"unlist" "simplify2array" "sapply" "replicate" 
"unlist" "simplify2array" "sapply" "replicate" 
"unlist" "simplify2array" "sapply" "replicate" 
"unlist" "simplify2array" "sapply" "replicate" 
"unlist" "simplify2array" "sapply" "replicate" 
"unlist" "simplify2array" "sapply" "replicate" 
"unlist" "simplify2array" "sapply" "replicate" 
"unlist" "simplify2array" "sapply" "replicate" 
"unlist" "simplify2array" "sapply" "replicate" 
"unlist" "simplify2array" "sapply" "replicate" 
"unlist" "simplify2array" "sapply" "replicate" 
"unlist" "simplify2array" "sapply" "replicate" 
"unlist" "simplify2array" "sapply" "replicate" 
"unlist" "simplify2array" "sapply" "replicate" 
"unlist" "simplify2array" "sapply" "replicate" 
"unlist" "simplify2array" "sapply" "replicate" 
"unlist" "simplify2array" "sapply" "replicate" 
"array" "simplify2array" "sapply" "replicate" 
"array" "simplify2array" "sapply" "replicate" 
"array" "simplify2array" "sapply" "replicate" 
"array" "simplify2array" "sapply" "replicate" 
"array" "simplify2array" "sapply" "replicate" 
"array" "simplify2array" "sapply" "replicate" 
"array" "simplify2array" "sapply" "replicate" 
"array" "simplify2array" "sapply" "replicate" 
"array" "simplify2array" "sapply" "replicate" 
"array" "simplify2array" "sapply" "replicate" 
"array" "simplify2array" "sapply" "replicate" 
"array" "simplify2array" "sapply" "replicate" 
"array" "simplify2array" "sapply" "replicate" 
"array" "simplify2array" "sapply" "replicate" 
"array" "simplify2array" "sapply" "replicate" 
"array" "simplify2array" "sapply" "replicate" 
"array" "simplify2array" "sapply" "replicate" 
"array" "simplify2array" "sapply" "replicate" 
"array" "simplify2array" "sapply" "replicate" 
"array" "simplify2array" "sapply" "replicate" 
"array" "simplify2array" "sapply" "replicate" 
"array" "simplify2array" "sapply" "replicate" 
"array" "simplify2array" "sapply" "replicate" 
"array" "simplify2array" "sapply" "replicate" 
"array" "simplify2array" "sapply" "replicate" 
"array" "simplify2array" "sapply" "replicate" 
"array" "simplify2array" "sapply" "replicate" 
"array" "simplify2array" "sapply" "replicate" 
"array" "simplify2array" "sapply" "replicate" 
"array" "simplify2array" "sapply" "replicate" 
"array" "simplify2array" "sapply" "replicate" 
"array" "simplify2array" "sapply" "replicate" 
"array" "simplify2array" "sapply" "replicate" 
"array" "simplify2array" "sapply" "replicate" 
"array" "simplify2array" "sapply" "replicate" 
"array" "simplify2array" "sapply" "replicate" 
"array" "simplify2array" "sapply" "replicate" 
"array" "simplify2array" "sapply" "replicate" 
"array" "simplify2array" "sapply" "replicate" 
"array" "simplify2array" "sapply" "replicate" 
"array" "simplify2array" "sapply" "replicate" 
"array" "simplify2array" "sapply" "replicate" 
"array" "simplify2array" "sapply" "replicate" 
"array" "simplify2array" "sapply" "replicate" 
"array" "simplify2array" "sapply" "replicate" 
"array" "simplify2array" "sapply" "replicate" 
"array" "simplify2array" "sapply" "replicate" 
"array" "simplify2array" "sapply" "replicate" 
"array" "simplify2array" "sapply" "replicate" 
"array" "simplify2array" "sapply" "replicate" 
"array" "simplify2array" "sapply" "replicate" 
"array" "simplify2array" "sapply" "replicate" 
"array" "simplify2array" "sapply" "replicate" 
